<?xml version="1.0" encoding="UTF-8"?>
<!-- Generated by org.testng.reporters.JUnitXMLReporter -->
<testsuite ignored="2" hostname="LAPTOP-93ECPB46" failures="0" tests="3" name="Test" time="45.363" errors="0" timestamp="2022-07-26T14:42:12 IST">
  <testcase classname="com.automation.utility.BaseClass" name="@BeforeClass setUp" time="0.002">
    <failure type="java.lang.NullPointerException" message="Cannot invoke &amp;quot;com.automation.utility.ConfigDataProvider.getBrowser()&amp;quot; because &amp;quot;this.config&amp;quot; is null">
      <![CDATA[java.lang.NullPointerException: Cannot invoke "com.automation.utility.ConfigDataProvider.getBrowser()" because "this.config" is null
at com.automation.utility.BaseClass.setUp(BaseClass.java:38)
at java.base/java.util.ArrayList.forEach(ArrayList.java:1511)
... Removed 23 stack frames]]>
    </failure>
  </testcase> <!-- @BeforeClass setUp -->
  <testcase classname="com.automation.utility.BaseClass" name="@AfterMethod tearDownMethod" time="0.0">
    <skipped/>
  </testcase> <!-- @AfterMethod tearDownMethod -->
  <testcase classname="com.automation.utility.BaseClass" name="@AfterClass tearDown" time="0.0">
    <skipped/>
  </testcase> <!-- @AfterClass tearDown -->
  <testcase classname="com.automation.utility.BaseClass" name="@BeforeClass setUp" time="0.0">
    <failure type="java.lang.NullPointerException" message="Cannot invoke &amp;quot;com.automation.utility.ConfigDataProvider.getBrowser()&amp;quot; because &amp;quot;this.config&amp;quot; is null">
      <![CDATA[java.lang.NullPointerException: Cannot invoke "com.automation.utility.ConfigDataProvider.getBrowser()" because "this.config" is null
at com.automation.utility.BaseClass.setUp(BaseClass.java:38)
at java.base/java.util.ArrayList.forEach(ArrayList.java:1511)
... Removed 23 stack frames]]>
    </failure>
  </testcase> <!-- @BeforeClass setUp -->
  <testcase classname="com.automation.utility.BaseClass" name="@AfterMethod tearDownMethod" time="0.0">
    <skipped/>
  </testcase> <!-- @AfterMethod tearDownMethod -->
  <testcase classname="com.automation.utility.BaseClass" name="@AfterClass tearDown" time="0.0">
    <skipped/>
  </testcase> <!-- @AfterClass tearDown -->
  <testcase classname="com.automation.testcases.LaunchTestWego" name="validatePage" time="0.042"/>
  <testcase classname="com.automation.testcases.FillTravelDetails" name="FillDetails" time="0.0">
    <skipped/>
  </testcase> <!-- FillDetails -->
  <testcase classname="com.automation.testcases.SearchResult" name="validateResult" time="0.0">
    <skipped/>
  </testcase> <!-- validateResult -->
  <testcase classname="com.automation.utility.BaseClass" name="@BeforeSuite setUpSuite" time="0.0">
    <ignored/>
  </testcase> <!-- @BeforeSuite setUpSuite -->
  <testcase classname="com.automation.utility.BaseClass" name="@BeforeSuite setUpSuite" time="0.0">
    <ignored/>
  </testcase> <!-- @BeforeSuite setUpSuite -->
</testsuite> <!-- Test -->
